This file contains any messages produced by compilers while
running configure, to aid debugging if configure makes a mistake.

It was created by news configure 0.1.0, which was
generated by GNU Autoconf 2.69.  Invocation command line was

  $ ./configure 

## --------- ##
## Platform. ##
## --------- ##

hostname = Lenovo-M53
uname -m = x86_64
uname -r = 3.16.0-45-generic
uname -s = Linux
uname -v = #60~14.04.1-Ubuntu SMP Fri Jul 24 21:16:23 UTC 2015

/usr/bin/uname -p = unknown
/bin/uname -X     = unknown

/bin/arch              = unknown
/usr/bin/arch -k       = unknown
/usr/convex/getsysinfo = unknown
/usr/bin/hostinfo      = unknown
/bin/machine           = unknown
/usr/bin/oslevel       = unknown
/bin/universe          = unknown

PATH: /usr/bin
PATH: /home/bodhi/bin
PATH: /usr/local/sbin
PATH: /usr/local/bin
PATH: /usr/sbin
PATH: /usr/bin
PATH: /sbin
PATH: /bin
PATH: /usr/games
PATH: /usr/local/games


## ----------- ##
## Core tests. ##
## ----------- ##

configure:2204: checking build system type
configure:2218: result: x86_64-unknown-linux-gnu
configure:2238: checking host system type
configure:2251: result: x86_64-unknown-linux-gnu
configure:2322: checking for gcc
configure:2338: found /usr/bin/gcc
configure:2349: result: gcc
configure:2578: checking for C compiler version
configure:2587: gcc --version >&5
gcc (Ubuntu 4.8.4-2ubuntu1~14.04) 4.8.4
Copyright (C) 2013 Free Software Foundation, Inc.
This is free software; see the source for copying conditions.  There is NO
warranty; not even for MERCHANTABILITY or FITNESS FOR A PARTICULAR PURPOSE.

configure:2598: $? = 0
configure:2587: gcc -v >&5
Using built-in specs.
COLLECT_GCC=gcc
COLLECT_LTO_WRAPPER=/usr/lib/gcc/x86_64-linux-gnu/4.8/lto-wrapper
Target: x86_64-linux-gnu
Configured with: ../src/configure -v --with-pkgversion='Ubuntu 4.8.4-2ubuntu1~14.04' --with-bugurl=file:///usr/share/doc/gcc-4.8/README.Bugs --enable-languages=c,c++,java,go,d,fortran,objc,obj-c++ --prefix=/usr --program-suffix=-4.8 --enable-shared --enable-linker-build-id --libexecdir=/usr/lib --without-included-gettext --enable-threads=posix --with-gxx-include-dir=/usr/include/c++/4.8 --libdir=/usr/lib --enable-nls --with-sysroot=/ --enable-clocale=gnu --enable-libstdcxx-debug --enable-libstdcxx-time=yes --enable-gnu-unique-object --disable-libmudflap --enable-plugin --with-system-zlib --disable-browser-plugin --enable-java-awt=gtk --enable-gtk-cairo --with-java-home=/usr/lib/jvm/java-1.5.0-gcj-4.8-amd64/jre --enable-java-home --with-jvm-root-dir=/usr/lib/jvm/java-1.5.0-gcj-4.8-amd64 --with-jvm-jar-dir=/usr/lib/jvm-exports/java-1.5.0-gcj-4.8-amd64 --with-arch-directory=amd64 --with-ecj-jar=/usr/share/java/eclipse-ecj.jar --enable-objc-gc --enable-multiarch --disable-werror --with-arch-32=i686 --with-abi=m64 --with-multilib-list=m32,m64,mx32 --with-tune=generic --enable-checking=release --build=x86_64-linux-gnu --host=x86_64-linux-gnu --target=x86_64-linux-gnu
Thread model: posix
gcc version 4.8.4 (Ubuntu 4.8.4-2ubuntu1~14.04) 
configure:2598: $? = 0
configure:2587: gcc -V >&5
gcc: error: unrecognized command line option '-V'
gcc: fatal error: no input files
compilation terminated.
configure:2598: $? = 4
configure:2587: gcc -qversion >&5
gcc: error: unrecognized command line option '-qversion'
gcc: fatal error: no input files
compilation terminated.
configure:2598: $? = 4
configure:2618: checking whether the C compiler works
configure:2640: gcc    conftest.c  >&5
configure:2644: $? = 0
configure:2692: result: yes
configure:2695: checking for C compiler default output file name
configure:2697: result: a.out
configure:2703: checking for suffix of executables
configure:2710: gcc -o conftest    conftest.c  >&5
configure:2714: $? = 0
configure:2736: result: 
configure:2758: checking whether we are cross compiling
configure:2766: gcc -o conftest    conftest.c  >&5
configure:2770: $? = 0
configure:2777: ./conftest
configure:2781: $? = 0
configure:2796: result: no
configure:2801: checking for suffix of object files
configure:2823: gcc -c   conftest.c >&5
configure:2827: $? = 0
configure:2848: result: o
configure:2852: checking whether we are using the GNU C compiler
configure:2871: gcc -c   conftest.c >&5
configure:2871: $? = 0
configure:2880: result: yes
configure:2889: checking whether gcc accepts -g
configure:2909: gcc -c -g  conftest.c >&5
configure:2909: $? = 0
configure:2950: result: yes
configure:2967: checking for gcc option to accept ISO C89
configure:3030: gcc  -c -g -O2  conftest.c >&5
configure:3030: $? = 0
configure:3043: result: none needed
configure:3068: checking whether gcc understands -c and -o together
configure:3090: gcc -c conftest.c -o conftest2.o
configure:3093: $? = 0
configure:3090: gcc -c conftest.c -o conftest2.o
configure:3093: $? = 0
configure:3105: result: yes
configure:3124: checking for strerror in -lcposix
configure:3149: gcc -o conftest -g -O2   conftest.c -lcposix   >&5
/usr/bin/ld: cannot find -lcposix
collect2: error: ld returned 1 exit status
configure:3149: $? = 1
configure: failed program was:
| /* confdefs.h */
| #define PACKAGE_NAME "news"
| #define PACKAGE_TARNAME "news"
| #define PACKAGE_VERSION "0.1.0"
| #define PACKAGE_STRING "news 0.1.0"
| #define PACKAGE_BUGREPORT "ooookiwi@gmail.com"
| #define PACKAGE_URL ""
| /* end confdefs.h.  */
| 
| /* Override any GCC internal prototype to avoid an error.
|    Use char because int might match the return type of a GCC
|    builtin and then its argument prototype would still apply.  */
| #ifdef __cplusplus
| extern "C"
| #endif
| char strerror ();
| int
| main ()
| {
| return strerror ();
|   ;
|   return 0;
| }
configure:3158: result: no
configure:3183: checking for a BSD-compatible install
configure:3251: result: /usr/bin/install -c
configure:3262: checking whether build environment is sane
configure:3317: result: yes
configure:3465: checking for a thread-safe mkdir -p
configure:3504: result: /bin/mkdir -p
configure:3511: checking for gawk
configure:3541: result: no
configure:3511: checking for mawk
configure:3527: found /usr/bin/mawk
configure:3538: result: mawk
configure:3549: checking whether make sets $(MAKE)
configure:3571: result: yes
configure:3601: checking for style of include used by make
configure:3629: result: GNU
configure:3663: checking whether make supports nested variables
configure:3680: result: yes
configure:3765: checking dependency style of gcc
configure:3876: result: gcc3
configure:3946: checking whether make supports nested variables
configure:3963: result: yes
configure:4023: checking for gcc
configure:4050: result: gcc
configure:4279: checking for C compiler version
configure:4288: gcc --version >&5
gcc (Ubuntu 4.8.4-2ubuntu1~14.04) 4.8.4
Copyright (C) 2013 Free Software Foundation, Inc.
This is free software; see the source for copying conditions.  There is NO
warranty; not even for MERCHANTABILITY or FITNESS FOR A PARTICULAR PURPOSE.

configure:4299: $? = 0
configure:4288: gcc -v >&5
Using built-in specs.
COLLECT_GCC=gcc
COLLECT_LTO_WRAPPER=/usr/lib/gcc/x86_64-linux-gnu/4.8/lto-wrapper
Target: x86_64-linux-gnu
Configured with: ../src/configure -v --with-pkgversion='Ubuntu 4.8.4-2ubuntu1~14.04' --with-bugurl=file:///usr/share/doc/gcc-4.8/README.Bugs --enable-languages=c,c++,java,go,d,fortran,objc,obj-c++ --prefix=/usr --program-suffix=-4.8 --enable-shared --enable-linker-build-id --libexecdir=/usr/lib --without-included-gettext --enable-threads=posix --with-gxx-include-dir=/usr/include/c++/4.8 --libdir=/usr/lib --enable-nls --with-sysroot=/ --enable-clocale=gnu --enable-libstdcxx-debug --enable-libstdcxx-time=yes --enable-gnu-unique-object --disable-libmudflap --enable-plugin --with-system-zlib --disable-browser-plugin --enable-java-awt=gtk --enable-gtk-cairo --with-java-home=/usr/lib/jvm/java-1.5.0-gcj-4.8-amd64/jre --enable-java-home --with-jvm-root-dir=/usr/lib/jvm/java-1.5.0-gcj-4.8-amd64 --with-jvm-jar-dir=/usr/lib/jvm-exports/java-1.5.0-gcj-4.8-amd64 --with-arch-directory=amd64 --with-ecj-jar=/usr/share/java/eclipse-ecj.jar --enable-objc-gc --enable-multiarch --disable-werror --with-arch-32=i686 --with-abi=m64 --with-multilib-list=m32,m64,mx32 --with-tune=generic --enable-checking=release --build=x86_64-linux-gnu --host=x86_64-linux-gnu --target=x86_64-linux-gnu
Thread model: posix
gcc version 4.8.4 (Ubuntu 4.8.4-2ubuntu1~14.04) 
configure:4299: $? = 0
configure:4288: gcc -V >&5
gcc: error: unrecognized command line option '-V'
gcc: fatal error: no input files
compilation terminated.
configure:4299: $? = 4
configure:4288: gcc -qversion >&5
gcc: error: unrecognized command line option '-qversion'
gcc: fatal error: no input files
compilation terminated.
configure:4299: $? = 4
configure:4303: checking whether we are using the GNU C compiler
configure:4331: result: yes
configure:4340: checking whether gcc accepts -g
configure:4401: result: yes
configure:4418: checking for gcc option to accept ISO C89
configure:4494: result: none needed
configure:4519: checking whether gcc understands -c and -o together
configure:4556: result: yes
configure:4621: checking for gcc
configure:4648: result: gcc
configure:4877: checking for C compiler version
configure:4886: gcc --version >&5
gcc (Ubuntu 4.8.4-2ubuntu1~14.04) 4.8.4
Copyright (C) 2013 Free Software Foundation, Inc.
This is free software; see the source for copying conditions.  There is NO
warranty; not even for MERCHANTABILITY or FITNESS FOR A PARTICULAR PURPOSE.

configure:4897: $? = 0
configure:4886: gcc -v >&5
Using built-in specs.
COLLECT_GCC=gcc
COLLECT_LTO_WRAPPER=/usr/lib/gcc/x86_64-linux-gnu/4.8/lto-wrapper
Target: x86_64-linux-gnu
Configured with: ../src/configure -v --with-pkgversion='Ubuntu 4.8.4-2ubuntu1~14.04' --with-bugurl=file:///usr/share/doc/gcc-4.8/README.Bugs --enable-languages=c,c++,java,go,d,fortran,objc,obj-c++ --prefix=/usr --program-suffix=-4.8 --enable-shared --enable-linker-build-id --libexecdir=/usr/lib --without-included-gettext --enable-threads=posix --with-gxx-include-dir=/usr/include/c++/4.8 --libdir=/usr/lib --enable-nls --with-sysroot=/ --enable-clocale=gnu --enable-libstdcxx-debug --enable-libstdcxx-time=yes --enable-gnu-unique-object --disable-libmudflap --enable-plugin --with-system-zlib --disable-browser-plugin --enable-java-awt=gtk --enable-gtk-cairo --with-java-home=/usr/lib/jvm/java-1.5.0-gcj-4.8-amd64/jre --enable-java-home --with-jvm-root-dir=/usr/lib/jvm/java-1.5.0-gcj-4.8-amd64 --with-jvm-jar-dir=/usr/lib/jvm-exports/java-1.5.0-gcj-4.8-amd64 --with-arch-directory=amd64 --with-ecj-jar=/usr/share/java/eclipse-ecj.jar --enable-objc-gc --enable-multiarch --disable-werror --with-arch-32=i686 --with-abi=m64 --with-multilib-list=m32,m64,mx32 --with-tune=generic --enable-checking=release --build=x86_64-linux-gnu --host=x86_64-linux-gnu --target=x86_64-linux-gnu
Thread model: posix
gcc version 4.8.4 (Ubuntu 4.8.4-2ubuntu1~14.04) 
configure:4897: $? = 0
configure:4886: gcc -V >&5
gcc: error: unrecognized command line option '-V'
gcc: fatal error: no input files
compilation terminated.
configure:4897: $? = 4
configure:4886: gcc -qversion >&5
gcc: error: unrecognized command line option '-qversion'
gcc: fatal error: no input files
compilation terminated.
configure:4897: $? = 4
configure:4901: checking whether we are using the GNU C compiler
configure:4929: result: yes
configure:4938: checking whether gcc accepts -g
configure:4999: result: yes
configure:5016: checking for gcc option to accept ISO C89
configure:5092: result: none needed
configure:5117: checking whether gcc understands -c and -o together
configure:5154: result: yes
configure:5178: checking how to run the C preprocessor
configure:5209: gcc -E  conftest.c
configure:5209: $? = 0
configure:5223: gcc -E  conftest.c
conftest.c:11:28: fatal error: ac_nonexistent.h: No such file or directory
 #include <ac_nonexistent.h>
                            ^
compilation terminated.
configure:5223: $? = 1
configure: failed program was:
| /* confdefs.h */
| #define PACKAGE_NAME "news"
| #define PACKAGE_TARNAME "news"
| #define PACKAGE_VERSION "0.1.0"
| #define PACKAGE_STRING "news 0.1.0"
| #define PACKAGE_BUGREPORT "ooookiwi@gmail.com"
| #define PACKAGE_URL ""
| #define PACKAGE "news"
| #define VERSION "0.1.0"
| /* end confdefs.h.  */
| #include <ac_nonexistent.h>
configure:5248: result: gcc -E
configure:5268: gcc -E  conftest.c
configure:5268: $? = 0
configure:5282: gcc -E  conftest.c
conftest.c:11:28: fatal error: ac_nonexistent.h: No such file or directory
 #include <ac_nonexistent.h>
                            ^
compilation terminated.
configure:5282: $? = 1
configure: failed program was:
| /* confdefs.h */
| #define PACKAGE_NAME "news"
| #define PACKAGE_TARNAME "news"
| #define PACKAGE_VERSION "0.1.0"
| #define PACKAGE_STRING "news 0.1.0"
| #define PACKAGE_BUGREPORT "ooookiwi@gmail.com"
| #define PACKAGE_URL ""
| #define PACKAGE "news"
| #define VERSION "0.1.0"
| /* end confdefs.h.  */
| #include <ac_nonexistent.h>
configure:5311: checking for grep that handles long lines and -e
configure:5369: result: /bin/grep
configure:5374: checking for egrep
configure:5436: result: /bin/grep -E
configure:5441: checking for ANSI C header files
configure:5461: gcc -c -g -O2  conftest.c >&5
configure:5461: $? = 0
configure:5534: gcc -o conftest -g -O2   conftest.c  >&5
configure:5534: $? = 0
configure:5534: ./conftest
configure:5534: $? = 0
configure:5545: result: yes
configure:5553: checking for an ANSI C-conforming const
configure:5619: gcc -c -g -O2  conftest.c >&5
configure:5619: $? = 0
configure:5626: result: yes
configure:5681: checking how to print strings
configure:5708: result: printf
configure:5729: checking for a sed that does not truncate output
configure:5793: result: /bin/sed
configure:5811: checking for fgrep
configure:5873: result: /bin/grep -F
configure:5908: checking for ld used by gcc
configure:5975: result: /usr/bin/ld
configure:5982: checking if the linker (/usr/bin/ld) is GNU ld
configure:5997: result: yes
configure:6009: checking for BSD- or MS-compatible name lister (nm)
configure:6058: result: /usr/bin/nm -B
configure:6188: checking the name lister (/usr/bin/nm -B) interface
configure:6195: gcc -c -g -O2  conftest.c >&5
configure:6198: /usr/bin/nm -B "conftest.o"
configure:6201: output
0000000000000000 B some_variable
configure:6208: result: BSD nm
configure:6211: checking whether ln -s works
configure:6215: result: yes
configure:6223: checking the maximum length of command line arguments
configure:6354: result: 1572864
configure:6371: checking whether the shell understands some XSI constructs
configure:6381: result: yes
configure:6385: checking whether the shell understands "+="
configure:6391: result: yes
configure:6426: checking how to convert x86_64-unknown-linux-gnu file names to x86_64-unknown-linux-gnu format
configure:6466: result: func_convert_file_noop
configure:6473: checking how to convert x86_64-unknown-linux-gnu file names to toolchain format
configure:6493: result: func_convert_file_noop
configure:6500: checking for /usr/bin/ld option to reload object files
configure:6507: result: -r
configure:6581: checking for objdump
configure:6597: found /usr/bin/objdump
configure:6608: result: objdump
configure:6640: checking how to recognize dependent libraries
configure:6838: result: pass_all
configure:6923: checking for dlltool
configure:6953: result: no
configure:6983: checking how to associate runtime and link libraries
configure:7010: result: printf %s\n
configure:7070: checking for ar
configure:7086: found /usr/bin/ar
configure:7097: result: ar
configure:7134: checking for archiver @FILE support
configure:7151: gcc -c -g -O2  conftest.c >&5
configure:7151: $? = 0
configure:7154: ar cru libconftest.a @conftest.lst >&5
configure:7157: $? = 0
configure:7162: ar cru libconftest.a @conftest.lst >&5
ar: conftest.o: No such file or directory
configure:7165: $? = 1
configure:7177: result: @
configure:7235: checking for strip
configure:7251: found /usr/bin/strip
configure:7262: result: strip
configure:7334: checking for ranlib
configure:7350: found /usr/bin/ranlib
configure:7361: result: ranlib
configure:7463: checking command to parse /usr/bin/nm -B output from gcc object
configure:7583: gcc -c -g -O2  conftest.c >&5
configure:7586: $? = 0
configure:7590: /usr/bin/nm -B conftest.o \| sed -n -e 's/^.*[ ]\([ABCDGIRSTW][ABCDGIRSTW]*\)[ ][ ]*\([_A-Za-z][_A-Za-z0-9]*\)$/\1 \2 \2/p' | sed '/ __gnu_lto/d' \> conftest.nm
configure:7593: $? = 0
configure:7659: gcc -o conftest -g -O2   conftest.c conftstm.o >&5
configure:7662: $? = 0
configure:7700: result: ok
configure:7737: checking for sysroot
configure:7767: result: no
configure:7844: gcc -c -g -O2  conftest.c >&5
configure:7847: $? = 0
configure:8036: checking for mt
configure:8052: found /bin/mt
configure:8063: result: mt
configure:8086: checking if mt is a manifest tool
configure:8092: mt '-?'
configure:8100: result: no
configure:8742: checking for sys/types.h
configure:8742: gcc -c -g -O2  conftest.c >&5
configure:8742: $? = 0
configure:8742: result: yes
configure:8742: checking for sys/stat.h
configure:8742: gcc -c -g -O2  conftest.c >&5
configure:8742: $? = 0
configure:8742: result: yes
configure:8742: checking for stdlib.h
configure:8742: gcc -c -g -O2  conftest.c >&5
configure:8742: $? = 0
configure:8742: result: yes
configure:8742: checking for string.h
configure:8742: gcc -c -g -O2  conftest.c >&5
configure:8742: $? = 0
configure:8742: result: yes
configure:8742: checking for memory.h
configure:8742: gcc -c -g -O2  conftest.c >&5
configure:8742: $? = 0
configure:8742: result: yes
configure:8742: checking for strings.h
configure:8742: gcc -c -g -O2  conftest.c >&5
configure:8742: $? = 0
configure:8742: result: yes
configure:8742: checking for inttypes.h
configure:8742: gcc -c -g -O2  conftest.c >&5
configure:8742: $? = 0
configure:8742: result: yes
configure:8742: checking for stdint.h
configure:8742: gcc -c -g -O2  conftest.c >&5
configure:8742: $? = 0
configure:8742: result: yes
configure:8742: checking for unistd.h
configure:8742: gcc -c -g -O2  conftest.c >&5
configure:8742: $? = 0
configure:8742: result: yes
configure:8756: checking for dlfcn.h
configure:8756: gcc -c -g -O2  conftest.c >&5
configure:8756: $? = 0
configure:8756: result: yes
configure:8962: checking for objdir
configure:8977: result: .libs
configure:9244: checking if gcc supports -fno-rtti -fno-exceptions
configure:9262: gcc -c -g -O2  -fno-rtti -fno-exceptions conftest.c >&5
cc1: warning: command line option '-fno-rtti' is valid for C++/ObjC++ but not for C [enabled by default]
configure:9266: $? = 0
configure:9279: result: no
configure:9606: checking for gcc option to produce PIC
configure:9613: result: -fPIC -DPIC
configure:9621: checking if gcc PIC flag -fPIC -DPIC works
configure:9639: gcc -c -g -O2  -fPIC -DPIC -DPIC conftest.c >&5
configure:9643: $? = 0
configure:9656: result: yes
configure:9685: checking if gcc static flag -static works
configure:9713: result: yes
configure:9728: checking if gcc supports -c -o file.o
configure:9749: gcc -c -g -O2  -o out/conftest2.o conftest.c >&5
configure:9753: $? = 0
configure:9775: result: yes
configure:9783: checking if gcc supports -c -o file.o
configure:9830: result: yes
configure:9863: checking whether the gcc linker (/usr/bin/ld -m elf_x86_64) supports shared libraries
configure:11020: result: yes
configure:11057: checking whether -lc should be explicitly linked in
configure:11065: gcc -c -g -O2  conftest.c >&5
configure:11068: $? = 0
configure:11083: gcc -shared  -fPIC -DPIC conftest.o  -v -Wl,-soname -Wl,conftest -o conftest 2\>\&1 \| /bin/grep  -lc  \>/dev/null 2\>\&1
configure:11086: $? = 0
configure:11100: result: no
configure:11260: checking dynamic linker characteristics
configure:11760: gcc -o conftest -g -O2   -Wl,-rpath -Wl,/foo conftest.c  >&5
configure:11760: $? = 0
configure:11994: result: GNU/Linux ld.so
configure:12101: checking how to hardcode library paths into programs
configure:12126: result: immediate
configure:12666: checking whether stripping libraries is possible
configure:12671: result: yes
configure:12706: checking if libtool supports shared libraries
configure:12708: result: yes
configure:12711: checking whether to build shared libraries
configure:12732: result: yes
configure:12735: checking whether to build static libraries
configure:12739: result: yes
configure:12796: checking whether NLS is requested
configure:12805: result: yes
configure:12843: checking for msgfmt
configure:12874: result: /usr/bin/msgfmt
configure:12883: checking for gmsgfmt
configure:12914: result: /usr/bin/msgfmt
configure:12954: checking for xgettext
configure:12985: result: /usr/bin/xgettext
configure:13025: checking for msgmerge
configure:13055: result: /usr/bin/msgmerge
configure:13130: checking for ld used by GCC
configure:13194: result: /usr/bin/ld -m elf_x86_64
configure:13201: checking if the linker (/usr/bin/ld -m elf_x86_64) is GNU ld
configure:13214: result: yes
configure:13220: checking for shared library run path origin
configure:13233: result: done
configure:13649: checking whether NLS is requested
configure:13658: result: yes
configure:13676: checking for GNU gettext in libc
configure:13695: gcc -o conftest -g -O2   conftest.c  >&5
conftest.c: In function 'main':
conftest.c:30:8: warning: cast from pointer to integer of different size [-Wpointer-to-int-cast]
 return (int) gettext ("") + _nl_msg_cat_cntr + *_nl_domain_bindings
        ^
configure:13695: $? = 0
configure:13703: result: yes
configure:14283: checking whether to use NLS
configure:14285: result: yes
configure:14288: checking where the gettext function comes from
configure:14299: result: libc
configure:14422: checking for pkg-config
configure:14440: found /usr/bin/pkg-config
configure:14452: result: /usr/bin/pkg-config
configure:14477: checking pkg-config is at least version 0.9.0
configure:14480: result: yes
configure:14490: checking for E
configure:14497: $PKG_CONFIG --exists --print-errors "enlightenment"
configure:14500: $? = 0
configure:14514: $PKG_CONFIG --exists --print-errors "enlightenment"
configure:14517: $? = 0
configure:14575: result: yes
configure:14596: checking for EDJE
configure:14603: $PKG_CONFIG --exists --print-errors "edje >= 0.5.0"
configure:14606: $? = 0
configure:14620: $PKG_CONFIG --exists --print-errors "edje >= 0.5.0"
configure:14623: $? = 0
configure:14681: result: yes
configure:14700: checking Which edje_cc to use
configure:14702: result: /usr/bin/edje_cc
configure:14825: checking that generated files are newer than configure
configure:14831: result: done
configure:14858: creating ./config.status

## ---------------------- ##
## Running config.status. ##
## ---------------------- ##

This file was extended by news config.status 0.1.0, which was
generated by GNU Autoconf 2.69.  Invocation command line was

  CONFIG_FILES    = 
  CONFIG_HEADERS  = 
  CONFIG_LINKS    = 
  CONFIG_COMMANDS = 
  $ ./config.status 

on Lenovo-M53

config.status:1140: creating e_modules-news.spec
config.status:1140: creating Makefile
config.status:1140: creating data/Makefile
config.status:1140: creating data/images/Makefile
config.status:1140: creating data/images/feeds/Makefile
config.status:1140: creating data/images/categories/Makefile
config.status:1140: creating data/theme/Makefile
config.status:1140: creating src/Makefile
config.status:1140: creating module.desktop
config.status:1140: creating po/Makefile.in
config.status:1248: WARNING:  'po/Makefile.in.in' seems to ignore the --datarootdir setting
config.status:1140: creating config.h
config.status:1369: executing depfiles commands
config.status:1369: executing libtool commands
config.status:1369: executing default-1 commands
config.status:1369: executing default commands

## ---------------- ##
## Cache variables. ##
## ---------------- ##

ac_cv_build=x86_64-unknown-linux-gnu
ac_cv_c_compiler_gnu=yes
ac_cv_c_const=yes
ac_cv_env_CC_set=
ac_cv_env_CC_value=
ac_cv_env_CFLAGS_set=
ac_cv_env_CFLAGS_value=
ac_cv_env_CPPFLAGS_set=
ac_cv_env_CPPFLAGS_value=
ac_cv_env_CPP_set=
ac_cv_env_CPP_value=
ac_cv_env_EDJE_CFLAGS_set=
ac_cv_env_EDJE_CFLAGS_value=
ac_cv_env_EDJE_LIBS_set=
ac_cv_env_EDJE_LIBS_value=
ac_cv_env_E_CFLAGS_set=
ac_cv_env_E_CFLAGS_value=
ac_cv_env_E_LIBS_set=
ac_cv_env_E_LIBS_value=
ac_cv_env_LDFLAGS_set=
ac_cv_env_LDFLAGS_value=
ac_cv_env_LIBS_set=
ac_cv_env_LIBS_value=
ac_cv_env_PKG_CONFIG_LIBDIR_set=
ac_cv_env_PKG_CONFIG_LIBDIR_value=
ac_cv_env_PKG_CONFIG_PATH_set=
ac_cv_env_PKG_CONFIG_PATH_value=
ac_cv_env_PKG_CONFIG_set=
ac_cv_env_PKG_CONFIG_value=
ac_cv_env_build_alias_set=
ac_cv_env_build_alias_value=
ac_cv_env_host_alias_set=
ac_cv_env_host_alias_value=
ac_cv_env_target_alias_set=
ac_cv_env_target_alias_value=
ac_cv_header_dlfcn_h=yes
ac_cv_header_inttypes_h=yes
ac_cv_header_memory_h=yes
ac_cv_header_stdc=yes
ac_cv_header_stdint_h=yes
ac_cv_header_stdlib_h=yes
ac_cv_header_string_h=yes
ac_cv_header_strings_h=yes
ac_cv_header_sys_stat_h=yes
ac_cv_header_sys_types_h=yes
ac_cv_header_unistd_h=yes
ac_cv_host=x86_64-unknown-linux-gnu
ac_cv_lib_cposix_strerror=no
ac_cv_objext=o
ac_cv_path_EGREP='/bin/grep -E'
ac_cv_path_FGREP='/bin/grep -F'
ac_cv_path_GMSGFMT=/usr/bin/msgfmt
ac_cv_path_GREP=/bin/grep
ac_cv_path_MSGFMT=/usr/bin/msgfmt
ac_cv_path_MSGMERGE=/usr/bin/msgmerge
ac_cv_path_SED=/bin/sed
ac_cv_path_XGETTEXT=/usr/bin/xgettext
ac_cv_path_ac_pt_PKG_CONFIG=/usr/bin/pkg-config
ac_cv_path_install='/usr/bin/install -c'
ac_cv_path_mkdir=/bin/mkdir
ac_cv_prog_AWK=mawk
ac_cv_prog_CPP='gcc -E'
ac_cv_prog_ac_ct_AR=ar
ac_cv_prog_ac_ct_CC=gcc
ac_cv_prog_ac_ct_MANIFEST_TOOL=mt
ac_cv_prog_ac_ct_OBJDUMP=objdump
ac_cv_prog_ac_ct_RANLIB=ranlib
ac_cv_prog_ac_ct_STRIP=strip
ac_cv_prog_cc_c89=
ac_cv_prog_cc_g=yes
ac_cv_prog_make_make_set=yes
acl_cv_hardcode_direct=no
acl_cv_hardcode_libdir_flag_spec='${wl}-rpath ${wl}$libdir'
acl_cv_hardcode_libdir_separator=
acl_cv_hardcode_minus_L=no
acl_cv_libext=a
acl_cv_path_LD='/usr/bin/ld -m elf_x86_64'
acl_cv_prog_gnu_ld=yes
acl_cv_rpath=done
acl_cv_shlibext=so
acl_cv_wl=-Wl,
am_cv_CC_dependencies_compiler_type=gcc3
am_cv_make_support_nested_variables=yes
am_cv_prog_cc_c_o=yes
am_cv_prog_cc_stdc=
gt_cv_func_gnugettext1_libc=yes
lt_cv_ar_at_file=@
lt_cv_archive_cmds_need_lc=no
lt_cv_deplibs_check_method=pass_all
lt_cv_file_magic_cmd='$MAGIC_CMD'
lt_cv_file_magic_test_file=
lt_cv_ld_reload_flag=-r
lt_cv_nm_interface='BSD nm'
lt_cv_objdir=.libs
lt_cv_path_LD=/usr/bin/ld
lt_cv_path_NM='/usr/bin/nm -B'
lt_cv_path_mainfest_tool=no
lt_cv_prog_compiler_c_o=yes
lt_cv_prog_compiler_pic='-fPIC -DPIC'
lt_cv_prog_compiler_pic_works=yes
lt_cv_prog_compiler_rtti_exceptions=no
lt_cv_prog_compiler_static_works=yes
lt_cv_prog_gnu_ld=yes
lt_cv_sharedlib_from_linklib_cmd='printf %s\n'
lt_cv_shlibpath_overrides_runpath=no
lt_cv_sys_global_symbol_pipe='sed -n -e '\''s/^.*[	 ]\([ABCDGIRSTW][ABCDGIRSTW]*\)[	 ][	 ]*\([_A-Za-z][_A-Za-z0-9]*\)$/\1 \2 \2/p'\'' | sed '\''/ __gnu_lto/d'\'''
lt_cv_sys_global_symbol_to_c_name_address='sed -n -e '\''s/^: \([^ ]*\)[ ]*$/  {\"\1\", (void *) 0},/p'\'' -e '\''s/^[ABCDGIRSTW]* \([^ ]*\) \([^ ]*\)$/  {"\2", (void *) \&\2},/p'\'''
lt_cv_sys_global_symbol_to_c_name_address_lib_prefix='sed -n -e '\''s/^: \([^ ]*\)[ ]*$/  {\"\1\", (void *) 0},/p'\'' -e '\''s/^[ABCDGIRSTW]* \([^ ]*\) \(lib[^ ]*\)$/  {"\2", (void *) \&\2},/p'\'' -e '\''s/^[ABCDGIRSTW]* \([^ ]*\) \([^ ]*\)$/  {"lib\2", (void *) \&\2},/p'\'''
lt_cv_sys_global_symbol_to_cdecl='sed -n -e '\''s/^T .* \(.*\)$/extern int \1();/p'\'' -e '\''s/^[ABCDGIRSTW]* .* \(.*\)$/extern char \1;/p'\'''
lt_cv_sys_max_cmd_len=1572864
lt_cv_to_host_file_cmd=func_convert_file_noop
lt_cv_to_tool_file_cmd=func_convert_file_noop
pkg_cv_EDJE_CFLAGS='-D_REENTRANT -pthread -I/usr/include/efl-1 -I/usr/include/edje-1 -I/usr//include/luajit-2.0 -I/usr/include/ecore-audio-1 -I/usr/include/ephysics-1 -I/usr/include/efreet-1 -I/usr/include/emile-1 -I/usr/include/eio-1 -I/usr/include/embryo-1 -I/usr/include/ecore-imf-evas-1 -I/usr/include/ecore-imf-1 -I/usr/include/ecore-input-1 -I/usr/include/ecore-file-1 -I/usr/include/ecore-evas-1 -I/usr/include/ecore-1 -I/usr/include/evas-1 -I/usr/include/eet-1 -I/usr/include/eo-1 -I/usr/include/eina-1 -I/usr/include/eina-1/eina -I/usr/include/glib-2.0 -I/usr/lib/x86_64-linux-gnu/glib-2.0/include -I/usr/include/bullet -I/usr/include/libpng12 -I/usr/include/harfbuzz -I/usr/include/fribidi -I/usr/include/freetype2 -I/usr/include/ector-1 -I/usr/include/ecore-ipc-1 -I/usr/include/ecore-con-1 -I/usr/include/ecore-input-evas-1  '
pkg_cv_EDJE_LIBS='-ledje  '
pkg_cv_E_CFLAGS='-DUSE_E_CONFIG_H -pthread -D_REENTRANT -I/usr/include/enlightenment -I/usr/include/efl-1 -I/usr/include/evas-1 -I/usr/include/ecore-1 -I/usr/include/ecore-x-1 -I/usr/include/ecore-evas-1 -I/usr/include/ecore-con-1 -I/usr/include/ecore-ipc-1 -I/usr/include/ecore-file-1 -I/usr/include/eet-1 -I/usr/include/edje-1 -I/usr/include/efreet-1 -I/usr/include/eina-1 -I/usr/include/eina-1/eina -I/usr/include/dbus-1.0 -I/usr/lib/x86_64-linux-gnu/dbus-1.0/include -I/usr/include/e_dbus-1 -I/usr/include/eio-1 -I/usr/include/eeze-1 -I/usr/include/elementary-1 -I/usr/include/emotion-1 -I/usr/include/libpng12 -I/usr/include/harfbuzz -I/usr/include/fribidi -I/usr/include/freetype2 -I/usr/include/ector-1 -I/usr/include/emile-1 -I/usr/include/eo-1 -I/usr//include/luajit-2.0 -I/usr/include/glib-2.0 -I/usr/lib/x86_64-linux-gnu/glib-2.0/include -I/usr/include/ecore-input-1 -I/usr/include/ecore-input-evas-1 -I/usr/include/ecore-audio-1 -I/usr/include/ephysics-1 -I/usr/include/embryo-1 -I/usr/include/ecore-imf-evas-1 -I/usr/include/ecore-imf-1 -I/usr/include/bullet -I/usr/include/libmount -I/usr/include/blkid -I/usr/include/uuid -I/usr/include/elocation-1 -I/usr/include/ecore-fb-1 -I/usr/include/ethumb-client-1 -I/usr/include/eldbus-1 -I/usr/include/ethumb-1  '
pkg_cv_E_LIBS='-lecore_x -lecore_ipc -lehal -ledbus -ldbus-1 -leukit -leeze -lelementary -lefl -leina -lpthread -leet -levas -lecore -lecore_evas -lecore_file -lecore_input -ledje -leo -lethumb_client -lecore_imf -lecore_con -leldbus -lefreet -lefreet_mime -lefreet_trash -leio -ldl -lm -lemotion  '

## ----------------- ##
## Output variables. ##
## ----------------- ##

ACLOCAL='${SHELL} /home/bodhi/news/news/missing aclocal-1.14'
AMDEPBACKSLASH='\'
AMDEP_FALSE='#'
AMDEP_TRUE=''
AMTAR='$${TAR-tar}'
AM_BACKSLASH='\'
AM_DEFAULT_V='$(AM_DEFAULT_VERBOSITY)'
AM_DEFAULT_VERBOSITY='0'
AM_V='$(V)'
AR='ar'
AUTOCONF='${SHELL} /home/bodhi/news/news/missing autoconf'
AUTOHEADER='${SHELL} /home/bodhi/news/news/missing autoheader'
AUTOMAKE='${SHELL} /home/bodhi/news/news/missing automake-1.14'
AWK='mawk'
CC='gcc'
CCDEPMODE='depmode=gcc3'
CFLAGS='-g -O2'
CPP='gcc -E'
CPPFLAGS=''
CYGPATH_W='echo'
DEFS='-DHAVE_CONFIG_H'
DEPDIR='.deps'
DLLTOOL='false'
DSYMUTIL=''
DUMPBIN=''
ECHO_C=''
ECHO_N='-n'
ECHO_T=''
EDJE_CC='/usr/bin/edje_cc'
EDJE_CFLAGS='-D_REENTRANT -pthread -I/usr/include/efl-1 -I/usr/include/edje-1 -I/usr//include/luajit-2.0 -I/usr/include/ecore-audio-1 -I/usr/include/ephysics-1 -I/usr/include/efreet-1 -I/usr/include/emile-1 -I/usr/include/eio-1 -I/usr/include/embryo-1 -I/usr/include/ecore-imf-evas-1 -I/usr/include/ecore-imf-1 -I/usr/include/ecore-input-1 -I/usr/include/ecore-file-1 -I/usr/include/ecore-evas-1 -I/usr/include/ecore-1 -I/usr/include/evas-1 -I/usr/include/eet-1 -I/usr/include/eo-1 -I/usr/include/eina-1 -I/usr/include/eina-1/eina -I/usr/include/glib-2.0 -I/usr/lib/x86_64-linux-gnu/glib-2.0/include -I/usr/include/bullet -I/usr/include/libpng12 -I/usr/include/harfbuzz -I/usr/include/fribidi -I/usr/include/freetype2 -I/usr/include/ector-1 -I/usr/include/ecore-ipc-1 -I/usr/include/ecore-con-1 -I/usr/include/ecore-input-evas-1  '
EDJE_LIBS='-ledje  '
EGREP='/bin/grep -E'
EXEEXT=''
E_CFLAGS='-DUSE_E_CONFIG_H -pthread -D_REENTRANT -I/usr/include/enlightenment -I/usr/include/efl-1 -I/usr/include/evas-1 -I/usr/include/ecore-1 -I/usr/include/ecore-x-1 -I/usr/include/ecore-evas-1 -I/usr/include/ecore-con-1 -I/usr/include/ecore-ipc-1 -I/usr/include/ecore-file-1 -I/usr/include/eet-1 -I/usr/include/edje-1 -I/usr/include/efreet-1 -I/usr/include/eina-1 -I/usr/include/eina-1/eina -I/usr/include/dbus-1.0 -I/usr/lib/x86_64-linux-gnu/dbus-1.0/include -I/usr/include/e_dbus-1 -I/usr/include/eio-1 -I/usr/include/eeze-1 -I/usr/include/elementary-1 -I/usr/include/emotion-1 -I/usr/include/libpng12 -I/usr/include/harfbuzz -I/usr/include/fribidi -I/usr/include/freetype2 -I/usr/include/ector-1 -I/usr/include/emile-1 -I/usr/include/eo-1 -I/usr//include/luajit-2.0 -I/usr/include/glib-2.0 -I/usr/lib/x86_64-linux-gnu/glib-2.0/include -I/usr/include/ecore-input-1 -I/usr/include/ecore-input-evas-1 -I/usr/include/ecore-audio-1 -I/usr/include/ephysics-1 -I/usr/include/embryo-1 -I/usr/include/ecore-imf-evas-1 -I/usr/include/ecore-imf-1 -I/usr/include/bullet -I/usr/include/libmount -I/usr/include/blkid -I/usr/include/uuid -I/usr/include/elocation-1 -I/usr/include/ecore-fb-1 -I/usr/include/ethumb-client-1 -I/usr/include/eldbus-1 -I/usr/include/ethumb-1  '
E_LIBS='-lecore_x -lecore_ipc -lehal -ledbus -ldbus-1 -leukit -leeze -lelementary -lefl -leina -lpthread -leet -levas -lecore -lecore_evas -lecore_file -lecore_input -ledje -leo -lethumb_client -lecore_imf -lecore_con -leldbus -lefreet -lefreet_mime -lefreet_trash -leio -ldl -lm -lemotion  '
FGREP='/bin/grep -F'
GMSGFMT='/usr/bin/msgfmt'
GREP='/bin/grep'
HAVE_PO_FALSE='#'
HAVE_PO_TRUE=''
INSTALL_DATA='${INSTALL} -m 644'
INSTALL_PROGRAM='${INSTALL}'
INSTALL_SCRIPT='${INSTALL}'
INSTALL_STRIP_PROGRAM='$(install_sh) -c -s'
INTLLIBS=''
LD='/usr/bin/ld -m elf_x86_64'
LDFLAGS=''
LIBICONV='-liconv'
LIBINTL=''
LIBOBJS=''
LIBS=''
LIBTOOL='$(SHELL) $(top_builddir)/libtool'
LIPO=''
LN_S='ln -s'
LTLIBICONV='-liconv'
LTLIBINTL=''
LTLIBOBJS=''
MAKEINFO='${SHELL} /home/bodhi/news/news/missing makeinfo'
MANIFEST_TOOL=':'
MKDIR_P='/bin/mkdir -p'
MKINSTALLDIRS='$(top_builddir)/./mkinstalldirs'
MODULE_ARCH='linux-gnu-x86_64-0.2.0'
MSGFMT='/usr/bin/msgfmt'
MSGMERGE='/usr/bin/msgmerge'
NM='/usr/bin/nm -B'
NMEDIT=''
OBJDUMP='objdump'
OBJEXT='o'
OTOOL64=''
OTOOL=''
PACKAGE='news'
PACKAGE_BUGREPORT='ooookiwi@gmail.com'
PACKAGE_NAME='news'
PACKAGE_STRING='news 0.1.0'
PACKAGE_TARNAME='news'
PACKAGE_URL=''
PACKAGE_VERSION='0.1.0'
PATH_SEPARATOR=':'
PKG_CONFIG='/usr/bin/pkg-config'
PKG_CONFIG_LIBDIR=''
PKG_CONFIG_PATH=''
POSUB='po'
RANLIB='ranlib'
SED='/bin/sed'
SET_MAKE=''
SHELL='/bin/bash'
STRIP='strip'
USE_NLS='yes'
VERSION='0.1.0'
XGETTEXT='/usr/bin/xgettext'
ac_ct_AR='ar'
ac_ct_CC='gcc'
ac_ct_DUMPBIN=''
am__EXEEXT_FALSE=''
am__EXEEXT_TRUE='#'
am__fastdepCC_FALSE='#'
am__fastdepCC_TRUE=''
am__include='include'
am__isrc=''
am__leading_dot='.'
am__nodep='_no'
am__quote=''
am__tar='$${TAR-tar} chof - "$$tardir"'
am__untar='$${TAR-tar} xf -'
bindir='${exec_prefix}/bin'
build='x86_64-unknown-linux-gnu'
build_alias=''
build_cpu='x86_64'
build_os='linux-gnu'
build_vendor='unknown'
datadir='/usr/lib/x86_64-linux-gnu/enlightenment/modules/news'
datarootdir='${prefix}/share'
docdir='${datarootdir}/doc/${PACKAGE_TARNAME}'
dvidir='${docdir}'
exec_prefix='${prefix}'
host='x86_64-unknown-linux-gnu'
host_alias=''
host_cpu='x86_64'
host_os='linux-gnu'
host_vendor='unknown'
htmldir='${docdir}'
includedir='${prefix}/include'
infodir='${datarootdir}/info'
install_sh='${SHELL} /home/bodhi/news/news/install-sh'
libdir='${exec_prefix}/lib'
libexecdir='${exec_prefix}/libexec'
localedir='${datarootdir}/locale'
localstatedir='${prefix}/var'
mandir='${datarootdir}/man'
mkdir_p='$(MKDIR_P)'
oldincludedir='/usr/include'
pdfdir='${docdir}'
prefix='/usr/local'
program_transform_name='s,x,x,'
psdir='${docdir}'
sbindir='${exec_prefix}/sbin'
sharedstatedir='${prefix}/com'
sysconfdir='${prefix}/etc'
target_alias=''

## ----------- ##
## confdefs.h. ##
## ----------- ##

/* confdefs.h */
#define PACKAGE_NAME "news"
#define PACKAGE_TARNAME "news"
#define PACKAGE_VERSION "0.1.0"
#define PACKAGE_STRING "news 0.1.0"
#define PACKAGE_BUGREPORT "ooookiwi@gmail.com"
#define PACKAGE_URL ""
#define PACKAGE "news"
#define VERSION "0.1.0"
#define STDC_HEADERS 1
#define HAVE_SYS_TYPES_H 1
#define HAVE_SYS_STAT_H 1
#define HAVE_STDLIB_H 1
#define HAVE_STRING_H 1
#define HAVE_MEMORY_H 1
#define HAVE_STRINGS_H 1
#define HAVE_INTTYPES_H 1
#define HAVE_STDINT_H 1
#define HAVE_UNISTD_H 1
#define HAVE_DLFCN_H 1
#define LT_OBJDIR ".libs/"
#define ENABLE_NLS 1
#define HAVE_GETTEXT 1
#define HAVE_DCGETTEXT 1
#define MODULE_ARCH "linux-gnu-x86_64-0.2.0"
#define MODULE_VERSION "0.1.0"

configure: exit 0
