This file contains any messages produced by compilers while
running configure, to aid debugging if configure makes a mistake.

It was created by share configure 0.0.1, which was
generated by GNU Autoconf 2.69.  Invocation command line was

  $ ./configure 

## --------- ##
## Platform. ##
## --------- ##

hostname = S12
uname -m = i686
uname -r = 3.2.0-4-486
uname -s = Linux
uname -v = #1 Ubuntu 3.2.57-3+deb7u1

/usr/bin/uname -p = unknown
/bin/uname -X     = unknown

/bin/arch              = unknown
/usr/bin/arch -k       = unknown
/usr/convex/getsysinfo = unknown
/usr/bin/hostinfo      = unknown
/bin/machine           = unknown
/usr/bin/oslevel       = unknown
/bin/universe          = unknown

PATH: /usr/bin
PATH: /usr/local/sbin
PATH: /usr/local/bin
PATH: /usr/sbin
PATH: /usr/bin
PATH: /sbin
PATH: /bin
PATH: /usr/games
PATH: /usr/local/games


## ----------- ##
## Core tests. ##
## ----------- ##

configure:2191: checking build system type
configure:2205: result: i686-pc-linux-gnu
configure:2225: checking host system type
configure:2238: result: i686-pc-linux-gnu
configure:2309: checking for gcc
configure:2325: found /usr/bin/gcc
configure:2336: result: gcc
configure:2565: checking for C compiler version
configure:2574: gcc --version >&5
gcc (Ubuntu 4.8.4-2ubuntu1~14.04) 4.8.4
Copyright (C) 2013 Free Software Foundation, Inc.
This is free software; see the source for copying conditions.  There is NO
warranty; not even for MERCHANTABILITY or FITNESS FOR A PARTICULAR PURPOSE.

configure:2585: $? = 0
configure:2574: gcc -v >&5
Using built-in specs.
COLLECT_GCC=gcc
COLLECT_LTO_WRAPPER=/usr/lib/gcc/i686-linux-gnu/4.8/lto-wrapper
Target: i686-linux-gnu
Configured with: ../src/configure -v --with-pkgversion='Ubuntu 4.8.4-2ubuntu1~14.04' --with-bugurl=file:///usr/share/doc/gcc-4.8/README.Bugs --enable-languages=c,c++,java,go,d,fortran,objc,obj-c++ --prefix=/usr --program-suffix=-4.8 --enable-shared --enable-linker-build-id --libexecdir=/usr/lib --without-included-gettext --enable-threads=posix --with-gxx-include-dir=/usr/include/c++/4.8 --libdir=/usr/lib --enable-nls --with-sysroot=/ --enable-clocale=gnu --enable-libstdcxx-debug --enable-libstdcxx-time=yes --enable-gnu-unique-object --disable-libmudflap --enable-plugin --with-system-zlib --disable-browser-plugin --enable-java-awt=gtk --enable-gtk-cairo --with-java-home=/usr/lib/jvm/java-1.5.0-gcj-4.8-i386/jre --enable-java-home --with-jvm-root-dir=/usr/lib/jvm/java-1.5.0-gcj-4.8-i386 --with-jvm-jar-dir=/usr/lib/jvm-exports/java-1.5.0-gcj-4.8-i386 --with-arch-directory=i386 --with-ecj-jar=/usr/share/java/eclipse-ecj.jar --enable-objc-gc --enable-targets=all --enable-multiarch --disable-werror --with-arch-32=i686 --with-multilib-list=m32,m64,mx32 --with-tune=generic --enable-checking=release --build=i686-linux-gnu --host=i686-linux-gnu --target=i686-linux-gnu
Thread model: posix
gcc version 4.8.4 (Ubuntu 4.8.4-2ubuntu1~14.04) 
configure:2585: $? = 0
configure:2574: gcc -V >&5
gcc: error: unrecognized command line option '-V'
gcc: fatal error: no input files
compilation terminated.
configure:2585: $? = 4
configure:2574: gcc -qversion >&5
gcc: error: unrecognized command line option '-qversion'
gcc: fatal error: no input files
compilation terminated.
configure:2585: $? = 4
configure:2605: checking whether the C compiler works
configure:2627: gcc    conftest.c  >&5
configure:2631: $? = 0
configure:2679: result: yes
configure:2682: checking for C compiler default output file name
configure:2684: result: a.out
configure:2690: checking for suffix of executables
configure:2697: gcc -o conftest    conftest.c  >&5
configure:2701: $? = 0
configure:2723: result: 
configure:2745: checking whether we are cross compiling
configure:2753: gcc -o conftest    conftest.c  >&5
configure:2757: $? = 0
configure:2764: ./conftest
configure:2768: $? = 0
configure:2783: result: no
configure:2788: checking for suffix of object files
configure:2810: gcc -c   conftest.c >&5
configure:2814: $? = 0
configure:2835: result: o
configure:2839: checking whether we are using the GNU C compiler
configure:2858: gcc -c   conftest.c >&5
configure:2858: $? = 0
configure:2867: result: yes
configure:2876: checking whether gcc accepts -g
configure:2896: gcc -c -g  conftest.c >&5
configure:2896: $? = 0
configure:2937: result: yes
configure:2954: checking for gcc option to accept ISO C89
configure:3017: gcc  -c -g -O2  conftest.c >&5
configure:3017: $? = 0
configure:3030: result: none needed
configure:3055: checking whether gcc understands -c and -o together
configure:3077: gcc -c conftest.c -o conftest2.o
configure:3080: $? = 0
configure:3077: gcc -c conftest.c -o conftest2.o
configure:3080: $? = 0
configure:3092: result: yes
configure:3110: checking for library containing strerror
configure:3141: gcc -o conftest -g -O2   conftest.c  >&5
configure:3141: $? = 0
configure:3158: result: none required
configure:3183: checking for a BSD-compatible install
configure:3251: result: /usr/bin/install -c
configure:3262: checking whether build environment is sane
configure:3317: result: yes
configure:3465: checking for a thread-safe mkdir -p
configure:3504: result: /bin/mkdir -p
configure:3511: checking for gawk
configure:3541: result: no
configure:3511: checking for mawk
configure:3527: found /usr/bin/mawk
configure:3538: result: mawk
configure:3549: checking whether make sets $(MAKE)
configure:3571: result: yes
configure:3601: checking for style of include used by make
configure:3629: result: GNU
configure:3663: checking whether make supports nested variables
configure:3680: result: yes
configure:3765: checking dependency style of gcc
configure:3876: result: gcc3
configure:3984: checking for gcc
configure:4011: result: gcc
configure:4240: checking for C compiler version
configure:4249: gcc --version >&5
gcc (Ubuntu 4.8.4-2ubuntu1~14.04) 4.8.4
Copyright (C) 2013 Free Software Foundation, Inc.
This is free software; see the source for copying conditions.  There is NO
warranty; not even for MERCHANTABILITY or FITNESS FOR A PARTICULAR PURPOSE.

configure:4260: $? = 0
configure:4249: gcc -v >&5
Using built-in specs.
COLLECT_GCC=gcc
COLLECT_LTO_WRAPPER=/usr/lib/gcc/i686-linux-gnu/4.8/lto-wrapper
Target: i686-linux-gnu
Configured with: ../src/configure -v --with-pkgversion='Ubuntu 4.8.4-2ubuntu1~14.04' --with-bugurl=file:///usr/share/doc/gcc-4.8/README.Bugs --enable-languages=c,c++,java,go,d,fortran,objc,obj-c++ --prefix=/usr --program-suffix=-4.8 --enable-shared --enable-linker-build-id --libexecdir=/usr/lib --without-included-gettext --enable-threads=posix --with-gxx-include-dir=/usr/include/c++/4.8 --libdir=/usr/lib --enable-nls --with-sysroot=/ --enable-clocale=gnu --enable-libstdcxx-debug --enable-libstdcxx-time=yes --enable-gnu-unique-object --disable-libmudflap --enable-plugin --with-system-zlib --disable-browser-plugin --enable-java-awt=gtk --enable-gtk-cairo --with-java-home=/usr/lib/jvm/java-1.5.0-gcj-4.8-i386/jre --enable-java-home --with-jvm-root-dir=/usr/lib/jvm/java-1.5.0-gcj-4.8-i386 --with-jvm-jar-dir=/usr/lib/jvm-exports/java-1.5.0-gcj-4.8-i386 --with-arch-directory=i386 --with-ecj-jar=/usr/share/java/eclipse-ecj.jar --enable-objc-gc --enable-targets=all --enable-multiarch --disable-werror --with-arch-32=i686 --with-multilib-list=m32,m64,mx32 --with-tune=generic --enable-checking=release --build=i686-linux-gnu --host=i686-linux-gnu --target=i686-linux-gnu
Thread model: posix
gcc version 4.8.4 (Ubuntu 4.8.4-2ubuntu1~14.04) 
configure:4260: $? = 0
configure:4249: gcc -V >&5
gcc: error: unrecognized command line option '-V'
gcc: fatal error: no input files
compilation terminated.
configure:4260: $? = 4
configure:4249: gcc -qversion >&5
gcc: error: unrecognized command line option '-qversion'
gcc: fatal error: no input files
compilation terminated.
configure:4260: $? = 4
configure:4264: checking whether we are using the GNU C compiler
configure:4292: result: yes
configure:4301: checking whether gcc accepts -g
configure:4362: result: yes
configure:4379: checking for gcc option to accept ISO C89
configure:4455: result: none needed
configure:4480: checking whether gcc understands -c and -o together
configure:4517: result: yes
configure:4539: checking how to run the C preprocessor
configure:4570: gcc -E  conftest.c
configure:4570: $? = 0
configure:4584: gcc -E  conftest.c
conftest.c:11:28: fatal error: ac_nonexistent.h: No such file or directory
 #include <ac_nonexistent.h>
                            ^
compilation terminated.
configure:4584: $? = 1
configure: failed program was:
| /* confdefs.h */
| #define PACKAGE_NAME "share"
| #define PACKAGE_TARNAME "share"
| #define PACKAGE_VERSION "0.0.1"
| #define PACKAGE_STRING "share 0.0.1"
| #define PACKAGE_BUGREPORT "enlightenment-devel@lists.sourceforge.net"
| #define PACKAGE_URL ""
| #define PACKAGE "share"
| #define VERSION "0.0.1"
| /* end confdefs.h.  */
| #include <ac_nonexistent.h>
configure:4609: result: gcc -E
configure:4629: gcc -E  conftest.c
configure:4629: $? = 0
configure:4643: gcc -E  conftest.c
conftest.c:11:28: fatal error: ac_nonexistent.h: No such file or directory
 #include <ac_nonexistent.h>
                            ^
compilation terminated.
configure:4643: $? = 1
configure: failed program was:
| /* confdefs.h */
| #define PACKAGE_NAME "share"
| #define PACKAGE_TARNAME "share"
| #define PACKAGE_VERSION "0.0.1"
| #define PACKAGE_STRING "share 0.0.1"
| #define PACKAGE_BUGREPORT "enlightenment-devel@lists.sourceforge.net"
| #define PACKAGE_URL ""
| #define PACKAGE "share"
| #define VERSION "0.0.1"
| /* end confdefs.h.  */
| #include <ac_nonexistent.h>
configure:4672: checking for grep that handles long lines and -e
configure:4730: result: /bin/grep
configure:4735: checking for egrep
configure:4797: result: /bin/grep -E
configure:4802: checking for ANSI C header files
configure:4822: gcc -c -g -O2  conftest.c >&5
configure:4822: $? = 0
configure:4895: gcc -o conftest -g -O2   conftest.c  >&5
configure:4895: $? = 0
configure:4895: ./conftest
configure:4895: $? = 0
configure:4906: result: yes
configure:4914: checking for an ANSI C-conforming const
configure:4980: gcc -c -g -O2  conftest.c >&5
configure:4980: $? = 0
configure:4987: result: yes
configure:5042: checking how to print strings
configure:5069: result: printf
configure:5090: checking for a sed that does not truncate output
configure:5154: result: /bin/sed
configure:5172: checking for fgrep
configure:5234: result: /bin/grep -F
configure:5269: checking for ld used by gcc
configure:5336: result: /usr/bin/ld
configure:5343: checking if the linker (/usr/bin/ld) is GNU ld
configure:5358: result: yes
configure:5370: checking for BSD- or MS-compatible name lister (nm)
configure:5419: result: /usr/bin/nm -B
configure:5549: checking the name lister (/usr/bin/nm -B) interface
configure:5556: gcc -c -g -O2  conftest.c >&5
configure:5559: /usr/bin/nm -B "conftest.o"
configure:5562: output
00000000 B some_variable
configure:5569: result: BSD nm
configure:5572: checking whether ln -s works
configure:5576: result: yes
configure:5584: checking the maximum length of command line arguments
configure:5715: result: 1572864
configure:5732: checking whether the shell understands some XSI constructs
configure:5742: result: yes
configure:5746: checking whether the shell understands "+="
configure:5752: result: yes
configure:5787: checking how to convert i686-pc-linux-gnu file names to i686-pc-linux-gnu format
configure:5827: result: func_convert_file_noop
configure:5834: checking how to convert i686-pc-linux-gnu file names to toolchain format
configure:5854: result: func_convert_file_noop
configure:5861: checking for /usr/bin/ld option to reload object files
configure:5868: result: -r
configure:5942: checking for objdump
configure:5958: found /usr/bin/objdump
configure:5969: result: objdump
configure:6001: checking how to recognize dependent libraries
configure:6199: result: pass_all
configure:6284: checking for dlltool
configure:6314: result: no
configure:6344: checking how to associate runtime and link libraries
configure:6371: result: printf %s\n
configure:6431: checking for ar
configure:6447: found /usr/bin/ar
configure:6458: result: ar
configure:6495: checking for archiver @FILE support
configure:6512: gcc -c -g -O2  conftest.c >&5
configure:6512: $? = 0
configure:6515: ar cru libconftest.a @conftest.lst >&5
configure:6518: $? = 0
configure:6523: ar cru libconftest.a @conftest.lst >&5
ar: conftest.o: No such file or directory
configure:6526: $? = 1
configure:6538: result: @
configure:6596: checking for strip
configure:6612: found /usr/bin/strip
configure:6623: result: strip
configure:6695: checking for ranlib
configure:6711: found /usr/bin/ranlib
configure:6722: result: ranlib
configure:6824: checking command to parse /usr/bin/nm -B output from gcc object
configure:6944: gcc -c -g -O2  conftest.c >&5
configure:6947: $? = 0
configure:6951: /usr/bin/nm -B conftest.o \| sed -n -e 's/^.*[ ]\([ABCDGIRSTW][ABCDGIRSTW]*\)[ ][ ]*\([_A-Za-z][_A-Za-z0-9]*\)$/\1 \2 \2/p' | sed '/ __gnu_lto/d' \> conftest.nm
configure:6954: $? = 0
configure:7020: gcc -o conftest -g -O2   conftest.c conftstm.o >&5
configure:7023: $? = 0
configure:7061: result: ok
configure:7098: checking for sysroot
configure:7128: result: no
configure:7397: checking for mt
configure:7413: found /bin/mt
configure:7424: result: mt
configure:7447: checking if mt is a manifest tool
configure:7453: mt '-?'
configure:7461: result: no
configure:8103: checking for sys/types.h
configure:8103: gcc -c -g -O2  conftest.c >&5
configure:8103: $? = 0
configure:8103: result: yes
configure:8103: checking for sys/stat.h
configure:8103: gcc -c -g -O2  conftest.c >&5
configure:8103: $? = 0
configure:8103: result: yes
configure:8103: checking for stdlib.h
configure:8103: gcc -c -g -O2  conftest.c >&5
configure:8103: $? = 0
configure:8103: result: yes
configure:8103: checking for string.h
configure:8103: gcc -c -g -O2  conftest.c >&5
configure:8103: $? = 0
configure:8103: result: yes
configure:8103: checking for memory.h
configure:8103: gcc -c -g -O2  conftest.c >&5
configure:8103: $? = 0
configure:8103: result: yes
configure:8103: checking for strings.h
configure:8103: gcc -c -g -O2  conftest.c >&5
configure:8103: $? = 0
configure:8103: result: yes
configure:8103: checking for inttypes.h
configure:8103: gcc -c -g -O2  conftest.c >&5
configure:8103: $? = 0
configure:8103: result: yes
configure:8103: checking for stdint.h
configure:8103: gcc -c -g -O2  conftest.c >&5
configure:8103: $? = 0
configure:8103: result: yes
configure:8103: checking for unistd.h
configure:8103: gcc -c -g -O2  conftest.c >&5
configure:8103: $? = 0
configure:8103: result: yes
configure:8117: checking for dlfcn.h
configure:8117: gcc -c -g -O2  conftest.c >&5
configure:8117: $? = 0
configure:8117: result: yes
configure:8323: checking for objdir
configure:8338: result: .libs
configure:8605: checking if gcc supports -fno-rtti -fno-exceptions
configure:8623: gcc -c -g -O2  -fno-rtti -fno-exceptions conftest.c >&5
cc1: warning: command line option '-fno-rtti' is valid for C++/ObjC++ but not for C [enabled by default]
configure:8627: $? = 0
configure:8640: result: no
configure:8967: checking for gcc option to produce PIC
configure:8974: result: -fPIC -DPIC
configure:8982: checking if gcc PIC flag -fPIC -DPIC works
configure:9000: gcc -c -g -O2  -fPIC -DPIC -DPIC conftest.c >&5
configure:9004: $? = 0
configure:9017: result: yes
configure:9046: checking if gcc static flag -static works
configure:9074: result: yes
configure:9089: checking if gcc supports -c -o file.o
configure:9110: gcc -c -g -O2  -o out/conftest2.o conftest.c >&5
configure:9114: $? = 0
configure:9136: result: yes
configure:9144: checking if gcc supports -c -o file.o
configure:9191: result: yes
configure:9224: checking whether the gcc linker (/usr/bin/ld) supports shared libraries
configure:10381: result: yes
configure:10418: checking whether -lc should be explicitly linked in
configure:10426: gcc -c -g -O2  conftest.c >&5
configure:10429: $? = 0
configure:10444: gcc -shared  -fPIC -DPIC conftest.o  -v -Wl,-soname -Wl,conftest -o conftest 2\>\&1 \| /bin/grep  -lc  \>/dev/null 2\>\&1
configure:10447: $? = 0
configure:10461: result: no
configure:10621: checking dynamic linker characteristics
configure:11121: gcc -o conftest -g -O2   -Wl,-rpath -Wl,/foo conftest.c  >&5
configure:11121: $? = 0
configure:11355: result: GNU/Linux ld.so
configure:11462: checking how to hardcode library paths into programs
configure:11487: result: immediate
configure:12027: checking whether stripping libraries is possible
configure:12032: result: yes
configure:12067: checking if libtool supports shared libraries
configure:12069: result: yes
configure:12072: checking whether to build shared libraries
configure:12093: result: yes
configure:12096: checking whether to build static libraries
configure:12100: result: yes
configure:12192: checking for pkg-config
configure:12210: found /usr/bin/pkg-config
configure:12222: result: /usr/bin/pkg-config
configure:12247: checking pkg-config is at least version 0.9.0
configure:12250: result: yes
configure:12260: checking for E
configure:12267: $PKG_CONFIG --exists --print-errors "enlightenment"
configure:12270: $? = 0
configure:12284: $PKG_CONFIG --exists --print-errors "enlightenment"
configure:12287: $? = 0
configure:12345: result: yes
configure:12360: checking for JSON
configure:12367: $PKG_CONFIG --exists --print-errors "json-c"
configure:12370: $? = 0
configure:12384: $PKG_CONFIG --exists --print-errors "json-c"
configure:12387: $? = 0
configure:12445: result: yes
configure:12458: checking for BSD
configure:12465: $PKG_CONFIG --exists --print-errors "libbsd"
configure:12468: $? = 0
configure:12482: $PKG_CONFIG --exists --print-errors "libbsd"
configure:12485: $? = 0
configure:12543: result: yes
configure:12553: checking for EDJE
configure:12560: $PKG_CONFIG --exists --print-errors "edje >= 0.5.0"
configure:12563: $? = 0
configure:12577: $PKG_CONFIG --exists --print-errors "edje >= 0.5.0"
configure:12580: $? = 0
configure:12638: result: yes
configure:12657: checking Which edje_cc to use
configure:12659: result: /usr/bin/edje_cc
configure:12783: checking that generated files are newer than configure
configure:12789: result: done
configure:12812: creating ./config.status

## ---------------------- ##
## Running config.status. ##
## ---------------------- ##

This file was extended by share config.status 0.0.1, which was
generated by GNU Autoconf 2.69.  Invocation command line was

  CONFIG_FILES    = 
  CONFIG_HEADERS  = 
  CONFIG_LINKS    = 
  CONFIG_COMMANDS = 
  $ ./config.status 

on S12

config.status:1112: creating Makefile
config.status:1112: creating src/Makefile
config.status:1112: creating e_modules-share.spec
config.status:1112: creating module.desktop
config.status:1112: creating config.h
config.status:1341: executing depfiles commands
config.status:1341: executing libtool commands
config.status:1341: executing default commands

## ---------------- ##
## Cache variables. ##
## ---------------- ##

ac_cv_build=i686-pc-linux-gnu
ac_cv_c_compiler_gnu=yes
ac_cv_c_const=yes
ac_cv_env_BSD_CFLAGS_set=
ac_cv_env_BSD_CFLAGS_value=
ac_cv_env_BSD_LIBS_set=
ac_cv_env_BSD_LIBS_value=
ac_cv_env_CC_set=
ac_cv_env_CC_value=
ac_cv_env_CFLAGS_set=
ac_cv_env_CFLAGS_value=
ac_cv_env_CPPFLAGS_set=
ac_cv_env_CPPFLAGS_value=
ac_cv_env_CPP_set=
ac_cv_env_CPP_value=
ac_cv_env_EDJE_CFLAGS_set=
ac_cv_env_EDJE_CFLAGS_value=
ac_cv_env_EDJE_LIBS_set=
ac_cv_env_EDJE_LIBS_value=
ac_cv_env_E_CFLAGS_set=
ac_cv_env_E_CFLAGS_value=
ac_cv_env_E_LIBS_set=
ac_cv_env_E_LIBS_value=
ac_cv_env_JSON_CFLAGS_set=
ac_cv_env_JSON_CFLAGS_value=
ac_cv_env_JSON_LIBS_set=
ac_cv_env_JSON_LIBS_value=
ac_cv_env_LDFLAGS_set=
ac_cv_env_LDFLAGS_value=
ac_cv_env_LIBS_set=
ac_cv_env_LIBS_value=
ac_cv_env_PKG_CONFIG_LIBDIR_set=
ac_cv_env_PKG_CONFIG_LIBDIR_value=
ac_cv_env_PKG_CONFIG_PATH_set=
ac_cv_env_PKG_CONFIG_PATH_value=
ac_cv_env_PKG_CONFIG_set=
ac_cv_env_PKG_CONFIG_value=
ac_cv_env_build_alias_set=
ac_cv_env_build_alias_value=
ac_cv_env_host_alias_set=
ac_cv_env_host_alias_value=
ac_cv_env_target_alias_set=
ac_cv_env_target_alias_value=
ac_cv_header_dlfcn_h=yes
ac_cv_header_inttypes_h=yes
ac_cv_header_memory_h=yes
ac_cv_header_stdc=yes
ac_cv_header_stdint_h=yes
ac_cv_header_stdlib_h=yes
ac_cv_header_string_h=yes
ac_cv_header_strings_h=yes
ac_cv_header_sys_stat_h=yes
ac_cv_header_sys_types_h=yes
ac_cv_header_unistd_h=yes
ac_cv_host=i686-pc-linux-gnu
ac_cv_objext=o
ac_cv_path_EGREP='/bin/grep -E'
ac_cv_path_FGREP='/bin/grep -F'
ac_cv_path_GREP=/bin/grep
ac_cv_path_SED=/bin/sed
ac_cv_path_ac_pt_PKG_CONFIG=/usr/bin/pkg-config
ac_cv_path_install='/usr/bin/install -c'
ac_cv_path_mkdir=/bin/mkdir
ac_cv_prog_AWK=mawk
ac_cv_prog_CPP='gcc -E'
ac_cv_prog_ac_ct_AR=ar
ac_cv_prog_ac_ct_CC=gcc
ac_cv_prog_ac_ct_MANIFEST_TOOL=mt
ac_cv_prog_ac_ct_OBJDUMP=objdump
ac_cv_prog_ac_ct_RANLIB=ranlib
ac_cv_prog_ac_ct_STRIP=strip
ac_cv_prog_cc_c89=
ac_cv_prog_cc_g=yes
ac_cv_prog_make_make_set=yes
ac_cv_search_strerror='none required'
am_cv_CC_dependencies_compiler_type=gcc3
am_cv_make_support_nested_variables=yes
am_cv_prog_cc_c_o=yes
lt_cv_ar_at_file=@
lt_cv_archive_cmds_need_lc=no
lt_cv_deplibs_check_method=pass_all
lt_cv_file_magic_cmd='$MAGIC_CMD'
lt_cv_file_magic_test_file=
lt_cv_ld_reload_flag=-r
lt_cv_nm_interface='BSD nm'
lt_cv_objdir=.libs
lt_cv_path_LD=/usr/bin/ld
lt_cv_path_NM='/usr/bin/nm -B'
lt_cv_path_mainfest_tool=no
lt_cv_prog_compiler_c_o=yes
lt_cv_prog_compiler_pic='-fPIC -DPIC'
lt_cv_prog_compiler_pic_works=yes
lt_cv_prog_compiler_rtti_exceptions=no
lt_cv_prog_compiler_static_works=yes
lt_cv_prog_gnu_ld=yes
lt_cv_sharedlib_from_linklib_cmd='printf %s\n'
lt_cv_shlibpath_overrides_runpath=no
lt_cv_sys_global_symbol_pipe='sed -n -e '\''s/^.*[	 ]\([ABCDGIRSTW][ABCDGIRSTW]*\)[	 ][	 ]*\([_A-Za-z][_A-Za-z0-9]*\)$/\1 \2 \2/p'\'' | sed '\''/ __gnu_lto/d'\'''
lt_cv_sys_global_symbol_to_c_name_address='sed -n -e '\''s/^: \([^ ]*\)[ ]*$/  {\"\1\", (void *) 0},/p'\'' -e '\''s/^[ABCDGIRSTW]* \([^ ]*\) \([^ ]*\)$/  {"\2", (void *) \&\2},/p'\'''
lt_cv_sys_global_symbol_to_c_name_address_lib_prefix='sed -n -e '\''s/^: \([^ ]*\)[ ]*$/  {\"\1\", (void *) 0},/p'\'' -e '\''s/^[ABCDGIRSTW]* \([^ ]*\) \(lib[^ ]*\)$/  {"\2", (void *) \&\2},/p'\'' -e '\''s/^[ABCDGIRSTW]* \([^ ]*\) \([^ ]*\)$/  {"lib\2", (void *) \&\2},/p'\'''
lt_cv_sys_global_symbol_to_cdecl='sed -n -e '\''s/^T .* \(.*\)$/extern int \1();/p'\'' -e '\''s/^[ABCDGIRSTW]* .* \(.*\)$/extern char \1;/p'\'''
lt_cv_sys_max_cmd_len=1572864
lt_cv_to_host_file_cmd=func_convert_file_noop
lt_cv_to_tool_file_cmd=func_convert_file_noop
pkg_cv_BSD_CFLAGS=' '
pkg_cv_BSD_LIBS='-lbsd  '
pkg_cv_EDJE_CFLAGS='-D_REENTRANT -pthread -I/usr/include/efl-1 -I/usr/include/edje-1 -I/usr//include/luajit-2.0 -I/usr/include/ecore-audio-1 -I/usr/include/ephysics-1 -I/usr/include/efreet-1 -I/usr/include/emile-1 -I/usr/include/eio-1 -I/usr/include/embryo-1 -I/usr/include/ecore-imf-evas-1 -I/usr/include/ecore-imf-1 -I/usr/include/ecore-input-1 -I/usr/include/ecore-file-1 -I/usr/include/ecore-evas-1 -I/usr/include/ecore-1 -I/usr/include/evas-1 -I/usr/include/eet-1 -I/usr/include/eo-1 -I/usr/include/eina-1 -I/usr/include/eina-1/eina -I/usr/include/glib-2.0 -I/usr/lib/i386-linux-gnu/glib-2.0/include -I/usr/include/bullet -I/usr/include/libpng12 -I/usr/include/harfbuzz -I/usr/include/fribidi -I/usr/include/freetype2 -I/usr/include/ector-1 -I/usr/include/ecore-ipc-1 -I/usr/include/ecore-con-1 -I/usr/include/ecore-input-evas-1  '
pkg_cv_EDJE_LIBS='-ledje  '
pkg_cv_E_CFLAGS='-DUSE_E_CONFIG_H -pthread -D_REENTRANT -I/usr/include/enlightenment -I/usr/include/efl-1 -I/usr/include/evas-1 -I/usr/include/ecore-1 -I/usr/include/ecore-x-1 -I/usr/include/ecore-evas-1 -I/usr/include/ecore-con-1 -I/usr/include/ecore-ipc-1 -I/usr/include/ecore-file-1 -I/usr/include/eet-1 -I/usr/include/edje-1 -I/usr/include/efreet-1 -I/usr/include/eina-1 -I/usr/include/eina-1/eina -I/usr/include/dbus-1.0 -I/usr/lib/i386-linux-gnu/dbus-1.0/include -I/usr/include/e_dbus-1 -I/usr/include/eio-1 -I/usr/include/eeze-1 -I/usr/include/elementary-1 -I/usr/include/emotion-1 -I/usr/include/libpng12 -I/usr/include/harfbuzz -I/usr/include/fribidi -I/usr/include/freetype2 -I/usr/include/ector-1 -I/usr/include/emile-1 -I/usr/include/eo-1 -I/usr//include/luajit-2.0 -I/usr/include/glib-2.0 -I/usr/lib/i386-linux-gnu/glib-2.0/include -I/usr/include/ecore-input-1 -I/usr/include/ecore-input-evas-1 -I/usr/include/ecore-audio-1 -I/usr/include/ephysics-1 -I/usr/include/embryo-1 -I/usr/include/ecore-imf-evas-1 -I/usr/include/ecore-imf-1 -I/usr/include/bullet -I/usr/include/libmount -I/usr/include/blkid -I/usr/include/uuid -I/usr/include/elocation-1 -I/usr/include/ecore-fb-1 -I/usr/include/ethumb-client-1 -I/usr/include/eldbus-1 -I/usr/include/ethumb-1  '
pkg_cv_E_LIBS='-lecore_x -lecore_ipc -lehal -ledbus -ldbus-1 -leukit -leeze -lelementary -lefl -leina -lpthread -leet -levas -lecore -lecore_evas -lecore_file -lecore_input -ledje -leo -lethumb_client -lecore_imf -lecore_con -leldbus -lefreet -lefreet_mime -lefreet_trash -leio -ldl -lm -lemotion  '
pkg_cv_JSON_CFLAGS='-I/usr/include/json-c  '
pkg_cv_JSON_LIBS='-ljson-c  '

## ----------------- ##
## Output variables. ##
## ----------------- ##

ACLOCAL='${SHELL} /home/stefan/share/missing aclocal-1.14'
AMDEPBACKSLASH='\'
AMDEP_FALSE='#'
AMDEP_TRUE=''
AMTAR='$${TAR-tar}'
AM_BACKSLASH='\'
AM_DEFAULT_V='$(AM_DEFAULT_VERBOSITY)'
AM_DEFAULT_VERBOSITY='1'
AM_V='$(V)'
AR='ar'
AUTOCONF='${SHELL} /home/stefan/share/missing autoconf'
AUTOHEADER='${SHELL} /home/stefan/share/missing autoheader'
AUTOMAKE='${SHELL} /home/stefan/share/missing automake-1.14'
AWK='mawk'
BSD_CFLAGS=' '
BSD_LIBS='-lbsd  '
CC='gcc'
CCDEPMODE='depmode=gcc3'
CFLAGS='-g -O2'
CPP='gcc -E'
CPPFLAGS=''
CYGPATH_W='echo'
DEFS='-DHAVE_CONFIG_H'
DEPDIR='.deps'
DLLTOOL='false'
DSYMUTIL=''
DUMPBIN=''
ECHO_C=''
ECHO_N='-n'
ECHO_T=''
EDJE_CC='/usr/bin/edje_cc'
EDJE_CFLAGS='-D_REENTRANT -pthread -I/usr/include/efl-1 -I/usr/include/edje-1 -I/usr//include/luajit-2.0 -I/usr/include/ecore-audio-1 -I/usr/include/ephysics-1 -I/usr/include/efreet-1 -I/usr/include/emile-1 -I/usr/include/eio-1 -I/usr/include/embryo-1 -I/usr/include/ecore-imf-evas-1 -I/usr/include/ecore-imf-1 -I/usr/include/ecore-input-1 -I/usr/include/ecore-file-1 -I/usr/include/ecore-evas-1 -I/usr/include/ecore-1 -I/usr/include/evas-1 -I/usr/include/eet-1 -I/usr/include/eo-1 -I/usr/include/eina-1 -I/usr/include/eina-1/eina -I/usr/include/glib-2.0 -I/usr/lib/i386-linux-gnu/glib-2.0/include -I/usr/include/bullet -I/usr/include/libpng12 -I/usr/include/harfbuzz -I/usr/include/fribidi -I/usr/include/freetype2 -I/usr/include/ector-1 -I/usr/include/ecore-ipc-1 -I/usr/include/ecore-con-1 -I/usr/include/ecore-input-evas-1  '
EDJE_LIBS='-ledje  '
EGREP='/bin/grep -E'
EXEEXT=''
E_CFLAGS='-DUSE_E_CONFIG_H -pthread -D_REENTRANT -I/usr/include/enlightenment -I/usr/include/efl-1 -I/usr/include/evas-1 -I/usr/include/ecore-1 -I/usr/include/ecore-x-1 -I/usr/include/ecore-evas-1 -I/usr/include/ecore-con-1 -I/usr/include/ecore-ipc-1 -I/usr/include/ecore-file-1 -I/usr/include/eet-1 -I/usr/include/edje-1 -I/usr/include/efreet-1 -I/usr/include/eina-1 -I/usr/include/eina-1/eina -I/usr/include/dbus-1.0 -I/usr/lib/i386-linux-gnu/dbus-1.0/include -I/usr/include/e_dbus-1 -I/usr/include/eio-1 -I/usr/include/eeze-1 -I/usr/include/elementary-1 -I/usr/include/emotion-1 -I/usr/include/libpng12 -I/usr/include/harfbuzz -I/usr/include/fribidi -I/usr/include/freetype2 -I/usr/include/ector-1 -I/usr/include/emile-1 -I/usr/include/eo-1 -I/usr//include/luajit-2.0 -I/usr/include/glib-2.0 -I/usr/lib/i386-linux-gnu/glib-2.0/include -I/usr/include/ecore-input-1 -I/usr/include/ecore-input-evas-1 -I/usr/include/ecore-audio-1 -I/usr/include/ephysics-1 -I/usr/include/embryo-1 -I/usr/include/ecore-imf-evas-1 -I/usr/include/ecore-imf-1 -I/usr/include/bullet -I/usr/include/libmount -I/usr/include/blkid -I/usr/include/uuid -I/usr/include/elocation-1 -I/usr/include/ecore-fb-1 -I/usr/include/ethumb-client-1 -I/usr/include/eldbus-1 -I/usr/include/ethumb-1  '
E_LIBS='-lecore_x -lecore_ipc -lehal -ledbus -ldbus-1 -leukit -leeze -lelementary -lefl -leina -lpthread -leet -levas -lecore -lecore_evas -lecore_file -lecore_input -ledje -leo -lethumb_client -lecore_imf -lecore_con -leldbus -lefreet -lefreet_mime -lefreet_trash -leio -ldl -lm -lemotion  '
FGREP='/bin/grep -F'
GREP='/bin/grep'
INSTALL_DATA='${INSTALL} -m 644'
INSTALL_PROGRAM='${INSTALL}'
INSTALL_SCRIPT='${INSTALL}'
INSTALL_STRIP_PROGRAM='$(install_sh) -c -s'
JSON_CFLAGS='-I/usr/include/json-c  '
JSON_LIBS='-ljson-c  '
LD='/usr/bin/ld'
LDFLAGS=''
LIBOBJS=''
LIBS=''
LIBTOOL='$(SHELL) $(top_builddir)/libtool'
LIPO=''
LN_S='ln -s'
LTLIBOBJS=''
MAKEINFO='${SHELL} /home/stefan/share/missing makeinfo'
MANIFEST_TOOL=':'
MKDIR_P='/bin/mkdir -p'
MODULE_ARCH='linux-gnu-i686-0.2.0'
NM='/usr/bin/nm -B'
NMEDIT=''
OBJDUMP='objdump'
OBJEXT='o'
OTOOL64=''
OTOOL=''
PACKAGE='share'
PACKAGE_BUGREPORT='enlightenment-devel@lists.sourceforge.net'
PACKAGE_NAME='share'
PACKAGE_STRING='share 0.0.1'
PACKAGE_TARNAME='share'
PACKAGE_URL=''
PACKAGE_VERSION='0.0.1'
PATH_SEPARATOR=':'
PKG_CONFIG='/usr/bin/pkg-config'
PKG_CONFIG_LIBDIR=''
PKG_CONFIG_PATH=''
RANLIB='ranlib'
SED='/bin/sed'
SET_MAKE=''
SHELL='/bin/bash'
STRIP='strip'
VERSION='0.0.1'
ac_ct_AR='ar'
ac_ct_CC='gcc'
ac_ct_DUMPBIN=''
am__EXEEXT_FALSE=''
am__EXEEXT_TRUE='#'
am__fastdepCC_FALSE='#'
am__fastdepCC_TRUE=''
am__include='include'
am__isrc=''
am__leading_dot='.'
am__nodep='_no'
am__quote=''
am__tar='$${TAR-tar} chof - "$$tardir"'
am__untar='$${TAR-tar} xf -'
bindir='${exec_prefix}/bin'
build='i686-pc-linux-gnu'
build_alias=''
build_cpu='i686'
build_os='linux-gnu'
build_vendor='pc'
datadir='/usr/lib/i386-linux-gnu/enlightenment/modules/share'
datarootdir='${prefix}/share'
docdir='${datarootdir}/doc/${PACKAGE_TARNAME}'
dvidir='${docdir}'
exec_prefix='${prefix}'
host='i686-pc-linux-gnu'
host_alias=''
host_cpu='i686'
host_os='linux-gnu'
host_vendor='pc'
htmldir='${docdir}'
includedir='${prefix}/include'
infodir='${datarootdir}/info'
install_sh='${SHELL} /home/stefan/share/install-sh'
libdir='${exec_prefix}/lib'
libexecdir='${exec_prefix}/libexec'
localedir='${datarootdir}/locale'
localstatedir='${prefix}/var'
mandir='${datarootdir}/man'
mkdir_p='$(MKDIR_P)'
oldincludedir='/usr/include'
pdfdir='${docdir}'
prefix='/usr/local'
program_transform_name='s,x,x,'
psdir='${docdir}'
sbindir='${exec_prefix}/sbin'
sharedstatedir='${prefix}/com'
sysconfdir='${prefix}/etc'
target_alias=''

## ----------- ##
## confdefs.h. ##
## ----------- ##

/* confdefs.h */
#define PACKAGE_NAME "share"
#define PACKAGE_TARNAME "share"
#define PACKAGE_VERSION "0.0.1"
#define PACKAGE_STRING "share 0.0.1"
#define PACKAGE_BUGREPORT "enlightenment-devel@lists.sourceforge.net"
#define PACKAGE_URL ""
#define PACKAGE "share"
#define VERSION "0.0.1"
#define STDC_HEADERS 1
#define HAVE_SYS_TYPES_H 1
#define HAVE_SYS_STAT_H 1
#define HAVE_STDLIB_H 1
#define HAVE_STRING_H 1
#define HAVE_MEMORY_H 1
#define HAVE_STRINGS_H 1
#define HAVE_INTTYPES_H 1
#define HAVE_STDINT_H 1
#define HAVE_UNISTD_H 1
#define HAVE_DLFCN_H 1
#define LT_OBJDIR ".libs/"
#define MODULE_ARCH "linux-gnu-i686-0.2.0"

configure: exit 0

## ---------------------- ##
## Running config.status. ##
## ---------------------- ##

This file was extended by share config.status 0.0.1, which was
generated by GNU Autoconf 2.69.  Invocation command line was

  CONFIG_FILES    = 
  CONFIG_HEADERS  = 
  CONFIG_LINKS    = 
  CONFIG_COMMANDS = 
  $ ./config.status config.h

on S12

config.status:1112: creating config.h
config.status:1293: config.h is unchanged
